<?xml version="1.0" encoding="UTF-8"?>
<testng-results ignored="0" total="1" passed="1" failed="0" skipped="0">
  <reporter-output>
  </reporter-output>
  <suite started-at="2024-04-19T18:30:53 EDT" name="Login" finished-at="2024-04-19T18:30:59 EDT" duration-ms="5889">
    <groups>
    </groups>
    <test started-at="2024-04-19T18:30:53 EDT" name="Login" finished-at="2024-04-19T18:30:59 EDT" duration-ms="5889">
      <class name="testCases.LoginTest">
        <test-method is-config="true" signature="generatereport()[pri:0, instance:testCases.LoginTest@2a265ea9]" started-at="2024-04-19T18:30:53 EDT" name="generatereport" finished-at="2024-04-19T18:30:54 EDT" duration-ms="183" status="PASS">
          <reporter-output>
          </reporter-output>
        </test-method> <!-- generatereport -->
        <test-method is-config="true" signature="openBrowser()[pri:0, instance:testCases.LoginTest@2a265ea9]" started-at="2024-04-19T18:30:54 EDT" name="openBrowser" finished-at="2024-04-19T18:30:56 EDT" duration-ms="2758" status="PASS">
          <reporter-output>
          </reporter-output>
        </test-method> <!-- openBrowser -->
        <test-method signature="loginTest()[pri:0, instance:testCases.LoginTest@2a265ea9]" started-at="2024-04-19T18:30:56 EDT" name="loginTest" finished-at="2024-04-19T18:30:59 EDT" duration-ms="2454" status="PASS">
          <reporter-output>
          </reporter-output>
        </test-method> <!-- loginTest -->
        <test-method is-config="true" signature="closeBrowser()[pri:0, instance:testCases.LoginTest@2a265ea9]" started-at="2024-04-19T18:30:59 EDT" name="closeBrowser" finished-at="2024-04-19T18:30:59 EDT" duration-ms="130" status="PASS">
          <reporter-output>
          </reporter-output>
        </test-method> <!-- closeBrowser -->
        <test-method is-config="true" signature="writeReport()[pri:0, instance:testCases.LoginTest@2a265ea9]" started-at="2024-04-19T18:30:59 EDT" name="writeReport" finished-at="2024-04-19T18:30:59 EDT" duration-ms="202" status="PASS">
          <reporter-output>
          </reporter-output>
        </test-method> <!-- writeReport -->
      </class> <!-- testCases.LoginTest -->
    </test> <!-- Login -->
  </suite> <!-- Login -->
</testng-results>
